#
# There is insufficient memory for the Java Runtime Environment to continue.
# Native memory allocation (malloc) failed to allocate 1048576 bytes for AllocateHeap
# Possible reasons:
#   The system is out of physical RAM or swap space
#   In 32 bit mode, the process size limit was hit
# Possible solutions:
#   Reduce memory load on the system
#   Increase physical memory or swap space
#   Check if swap backing store is full
#   Use 64 bit Java on a 64 bit OS
#   Decrease Java heap size (-Xmx/-Xms)
#   Decrease number of Java threads
#   Decrease Java thread stack sizes (-Xss)
#   Set larger code cache with -XX:ReservedCodeCacheSize=
# This output file may be truncated or incomplete.
#
#  Out of Memory Error (memory/allocation.inline.hpp:61), pid=11476, tid=0x0000000000001004
#
# JRE version:  (8.0_181-b13) (build )
# Java VM: Java HotSpot(TM) 64-Bit Server VM (25.181-b13 mixed mode windows-amd64 compressed oops)
# Failed to write core dump. Minidumps are not enabled by default on client versions of Windows
#

---------------  T H R E A D  ---------------

Current thread (0x0000000003422800):  JavaThread "Unknown thread" [_thread_in_vm, id=4100, stack(0x0000000003320000,0x0000000003420000)]

Stack: [0x0000000003320000,0x0000000003420000]
[error occurred during error reporting (printing stack bounds), id 0xc0000005]

Native frames: (J=compiled Java code, j=interpreted, Vv=VM code, C=native code)


---------------  P R O C E S S  ---------------

Java Threads: ( => current thread )

Other Threads:

=>0x0000000003422800 (exited) JavaThread "Unknown thread" [_thread_in_vm, id=4100, stack(0x0000000003320000,0x0000000003420000)]

VM state:not at safepoint (normal execution)

VM Mutex/Monitor currently owned by a thread: None

Heap:
 PSYoungGen      total 38400K, used 665K [0x00000000d5d00000, 0x00000000d8780000, 0x0000000100000000)
  eden space 33280K, 2% used [0x00000000d5d00000,0x00000000d5da6670,0x00000000d7d80000)
  from space 5120K, 0% used [0x00000000d8280000,0x00000000d8280000,0x00000000d8780000)
  to   space 5120K, 0% used [0x00000000d7d80000,0x00000000d7d80000,0x00000000d8280000)
 ParOldGen       total 87552K, used 0K [0x0000000081600000, 0x0000000086b80000, 0x00000000d5d00000)
  object space 87552K, 0% used [0x0000000081600000,0x0000000081600000,0x0000000086b80000)
 Metaspace       used 751K, capacity 4480K, committed 4480K, reserved 1056768K
  class space    used 76K, capacity 384K, committed 384K, reserved 1048576K

Card table byte_map: [0x00000000128e0000,0x0000000012ce0000] byte_map_base: 0x00000000124d5000

Marking Bits: (ParMarkBitMap*) 0x0000000065392d00
 Begin Bits: [0x0000000013390000, 0x0000000015338000)
 End Bits:   [0x0000000015338000, 0x00000000172e0000)

Polling page: 0x00000000011d0000

CodeCache: size=245760Kb used=328Kb max_used=328Kb free=245431Kb
 bounds [0x0000000003520000, 0x0000000003790000, 0x0000000012520000]
 total_blobs=58 nmethods=0 adapters=38
 compilation: enabled

Compilation events (0 events):
No events

GC Heap History (0 events):
No events

Deoptimization events (0 events):
No events

Classes redefined (0 events):
No events

Internal exceptions (0 events):
No events

Events (10 events):
Event: 0.039 loading class java/lang/Short
Event: 0.039 loading class java/lang/Short done
Event: 0.039 loading class java/lang/Integer
Event: 0.040 loading class java/lang/Integer done
Event: 0.040 loading class java/lang/Long
Event: 0.040 loading class java/lang/Long done
Event: 0.040 loading class java/lang/NullPointerException
Event: 0.040 loading class java/lang/NullPointerException done
Event: 0.040 loading class java/lang/ArithmeticException
Event: 0.040 loading class java/lang/ArithmeticException done


Dynamic libraries:
0x00007ff7cc100000 - 0x00007ff7cc137000 	C:\Program Files\Java\jre1.8.0_181\bin\javaw.exe
0x00007ff9cfd00000 - 0x00007ff9cfee1000 	C:\WINDOWS\SYSTEM32\ntdll.dll
0x00007ff9ce490000 - 0x00007ff9ce542000 	C:\WINDOWS\System32\KERNEL32.DLL
0x00007ff9cc0d0000 - 0x00007ff9cc343000 	C:\WINDOWS\System32\KERNELBASE.dll
0x00007ff9cd190000 - 0x00007ff9cd231000 	C:\WINDOWS\System32\ADVAPI32.dll
0x00007ff9ce320000 - 0x00007ff9ce3be000 	C:\WINDOWS\System32\msvcrt.dll
0x00007ff9cd240000 - 0x00007ff9cd29b000 	C:\WINDOWS\System32\sechost.dll
0x00007ff9cd2d0000 - 0x00007ff9cd3f4000 	C:\WINDOWS\System32\RPCRT4.dll
0x00007ff9ce550000 - 0x00007ff9ce6e0000 	C:\WINDOWS\System32\USER32.dll
0x00007ff9cc3b0000 - 0x00007ff9cc3d0000 	C:\WINDOWS\System32\win32u.dll
0x00007ff9cd2a0000 - 0x00007ff9cd2c8000 	C:\WINDOWS\System32\GDI32.dll
0x00007ff9ccc30000 - 0x00007ff9ccdc2000 	C:\WINDOWS\System32\gdi32full.dll
0x00007ff9cd040000 - 0x00007ff9cd0df000 	C:\WINDOWS\System32\msvcp_win.dll
0x00007ff9ccae0000 - 0x00007ff9ccbda000 	C:\WINDOWS\System32\ucrtbase.dll
0x00007ff9c3970000 - 0x00007ff9c3bd9000 	C:\WINDOWS\WinSxS\amd64_microsoft.windows.common-controls_6595b64144ccf1df_6.0.17134.228_none_fb4599993062b194\COMCTL32.dll
0x00007ff9cd490000 - 0x00007ff9cd7b3000 	C:\WINDOWS\System32\combase.dll
0x00007ff9ccfc0000 - 0x00007ff9cd03a000 	C:\WINDOWS\System32\bcryptPrimitives.dll
0x00007ff9ce1e0000 - 0x00007ff9ce20d000 	C:\WINDOWS\System32\IMM32.DLL
0x0000000064a20000 - 0x0000000064af2000 	C:\Program Files\Java\jre1.8.0_181\bin\msvcr100.dll
0x0000000064b70000 - 0x0000000065412000 	C:\Program Files\Java\jre1.8.0_181\bin\server\jvm.dll
0x00007ff9ce880000 - 0x00007ff9ce888000 	C:\WINDOWS\System32\PSAPI.DLL
0x00007ff9b6370000 - 0x00007ff9b6379000 	C:\WINDOWS\SYSTEM32\WSOCK32.dll
0x00007ff9cd7c0000 - 0x00007ff9cd82c000 	C:\WINDOWS\System32\WS2_32.dll
0x00007ff9c83b0000 - 0x00007ff9c83d3000 	C:\WINDOWS\SYSTEM32\WINMM.dll
0x00007ff9c2ae0000 - 0x00007ff9c2aea000 	C:\WINDOWS\SYSTEM32\VERSION.dll
0x00007ff9c7b50000 - 0x00007ff9c7b7a000 	C:\WINDOWS\SYSTEM32\WINMMBASE.dll
0x00007ff9ccbe0000 - 0x00007ff9ccc29000 	C:\WINDOWS\System32\cfgmgr32.dll
0x0000000065b70000 - 0x0000000065b7f000 	C:\Program Files\Java\jre1.8.0_181\bin\verify.dll
0x0000000065b40000 - 0x0000000065b69000 	C:\Program Files\Java\jre1.8.0_181\bin\java.dll
0x0000000065b20000 - 0x0000000065b36000 	C:\Program Files\Java\jre1.8.0_181\bin\zip.dll

VM Arguments:
jvm_args: -Dfile.encoding=GBK 
java_command: core.Driver Q16 should output 21.
java_class_path (initial): C:\Program Files\Java\jre1.8.0_181\lib\resources.jar;C:\Program Files\Java\jre1.8.0_181\lib\rt.jar;C:\Program Files\Java\jre1.8.0_181\lib\jsse.jar;C:\Program Files\Java\jre1.8.0_181\lib\jce.jar;C:\Program Files\Java\jre1.8.0_181\lib\charsets.jar;C:\Program Files\Java\jre1.8.0_181\lib\jfr.jar;C:\Program Files\Java\jre1.8.0_181\lib\ext\access-bridge-64.jar;C:\Program Files\Java\jre1.8.0_181\lib\ext\cldrdata.jar;C:\Program Files\Java\jre1.8.0_181\lib\ext\dnsns.jar;C:\Program Files\Java\jre1.8.0_181\lib\ext\jaccess.jar;C:\Program Files\Java\jre1.8.0_181\lib\ext\jfxrt.jar;C:\Program Files\Java\jre1.8.0_181\lib\ext\localedata.jar;C:\Program Files\Java\jre1.8.0_181\lib\ext\nashorn.jar;C:\Program Files\Java\jre1.8.0_181\lib\ext\sunec.jar;C:\Program Files\Java\jre1.8.0_181\lib\ext\sunjce_provider.jar;C:\Program Files\Java\jre1.8.0_181\lib\ext\sunmscapi.jar;C:\Program Files\Java\jre1.8.0_181\lib\ext\sunpkcs11.jar;C:\Program Files\Java\jre1.8.0_181\lib\ext\zipfs.jar;C:\Users\prest_000\Desktop\Aug27Pega-USF\New folder\BatchSource\bin
Launcher Type: SUN_STANDARD

Environment Variables:
PATH=C:/Program Files/Java/jre1.8.0_181/bin/server;C:/Program Files/Java/jre1.8.0_181/bin;C:/Program Files/Java/jre1.8.0_181/lib/amd64;C:\Program Files (x86)\Common Files\Oracle\Java\javapath;C:\ProgramData\Oracle\Java\javapath;C:\Program Files\Dell\DW WLAN Card;c:\Program Files (x86)\Intel\iCLS Client\;c:\Program Files\Intel\iCLS Client\;C:\WINDOWS\system32;C:\WINDOWS;C:\WINDOWS\System32\Wbem;C:\WINDOWS\System32\WindowsPowerShell\v1.0\;C:\Program Files\Intel\Intel(R) Management Engine Components\DAL;C:\Program Files\Intel\Intel(R) Management Engine Components\IPT;C:\Program Files (x86)\Intel\Intel(R) Management Engine Components\DAL;C:\Program Files (x86)\Intel\Intel(R) Management Engine Components\IPT;c:\Program Files\WIDCOMM\Bluetooth Software\;c:\Program Files\WIDCOMM\Bluetooth Software\syswow64;C:\Users\prest_000\.dnx\bin;C:\Program Files\Microsoft DNX\Dnvm\;C:\Program Files\Microsoft SQL Server\130\Tools\Binn\;C:\Program Files\PuTTY\;C:\Program Files (x86)\GtkSharp\2.12\bin;C:\Python27;C:\Python27\Scripts;C:\Program Files (x86)\Gpg4win\..\GnuPG\bin;C:\WINDOWS\System32\OpenSSH\;C:\Program Files\Git\cmd;C:\Users\prest_000\AppData\Local\Microsoft\WindowsApps;C:\Users\prest_000\AppData\Local\GitHubDesktop\bin;%USERPROFILE%\AppData\Local\Microsoft\WindowsApps;;C:\Users\prest_000\Desktop;
USERNAME=prest_000
OS=Windows_NT
PROCESSOR_IDENTIFIER=Intel64 Family 6 Model 69 Stepping 1, GenuineIntel



---------------  S Y S T E M  ---------------

OS: Windows 10.0 , 64 bit Build 17134 (10.0.17134.1)

CPU:total 4 (initial active 4) (2 cores per cpu, 2 threads per core) family 6 model 69 stepping 1, cmov, cx8, fxsr, mmx, sse, sse2, sse3, ssse3, sse4.1, sse4.2, popcnt, avx, avx2, aes, clmul, erms, lzcnt, ht, tsc, tscinvbit, bmi1, bmi2

Memory: 4k page, physical 8290324k(2560692k free), swap 10244116k(2896k free)

vm_info: Java HotSpot(TM) 64-Bit Server VM (25.181-b13) for windows-amd64 JRE (1.8.0_181-b13), built on Jul  7 2018 04:01:33 by "java_re" with MS VC++ 10.0 (VS2010)

time: Thu Aug 30 12:12:58 2018
elapsed time: 0 seconds (0d 0h 0m 0s)

